<?xml version="1.0" encoding="UTF-8"?>
<!-- Generated by org.testng.reporters.JUnitReportReporter -->
<testsuite hostname="4R-PC" failures="0" tests="1" name="TestCases.Testcase1" time="12.223" errors="0" timestamp="2025-04-04T21:32:24 IST" skipped="0">
  <testcase classname="TestCases.Testcase1" name="AddEmployee" time="12.223"/>
</testsuite> <!-- TestCases.Testcase1 -->
