<?xml version="1.0" encoding="UTF-8"?>
<!-- Generated by org.testng.reporters.JUnitReportReporter -->
<testsuite hostname="4R-PC" failures="0" tests="1" name="genericScripts.BasePage" time="20.087" errors="0" timestamp="2025-03-15T10:37:44 IST" skipped="0">
  <testcase classname="genericScripts.BasePage" name="Test" time="20.087"/>
</testsuite> <!-- genericScripts.BasePage -->
